<?xml version="1.0" encoding="UTF-8"?>
<testng-results ignored="0" total="1" passed="1" failed="0" skipped="0">
  <reporter-output>
  </reporter-output>
  <suite started-at="2022-01-19T17:36:03 IST" name="Default suite" finished-at="2022-01-19T17:36:14 IST" duration-ms="10682">
    <groups>
    </groups>
    <test started-at="2022-01-19T17:36:03 IST" name="Default test" finished-at="2022-01-19T17:36:14 IST" duration-ms="10682">
      <class name="htmlcanvaspage.linedraw">
        <test-method is-config="true" signature="setup()[pri:0, instance:htmlcanvaspage.linedraw@446a1e84]" started-at="2022-01-19T17:36:03 IST" name="setup" finished-at="2022-01-19T17:36:09 IST" duration-ms="6185" status="PASS">
          <reporter-output>
          </reporter-output>
        </test-method> <!-- setup -->
        <test-method signature="lineoperations()[pri:0, instance:htmlcanvaspage.linedraw@446a1e84]" started-at="2022-01-19T17:36:09 IST" name="lineoperations" finished-at="2022-01-19T17:36:14 IST" duration-ms="4303" status="PASS">
          <reporter-output>
          </reporter-output>
        </test-method> <!-- lineoperations -->
        <test-method is-config="true" signature="tearDown()[pri:0, instance:htmlcanvaspage.linedraw@446a1e84]" started-at="2022-01-19T17:36:14 IST" name="tearDown" finished-at="2022-01-19T17:36:14 IST" duration-ms="165" status="PASS">
          <reporter-output>
          </reporter-output>
        </test-method> <!-- tearDown -->
      </class> <!-- htmlcanvaspage.linedraw -->
    </test> <!-- Default test -->
  </suite> <!-- Default suite -->
</testng-results>
